Build started 05/10/2015 11:09:43.
     1>Project "D:\Github\GamesProgramming3\GamesProgramming3\GamesProgramming3\GamesProgramming3\GamesProgramming3.vcxproj" on node 2 (Build target(s)).
     1>ClCompile:
         D:\Programs\Visual Studio 2013 Ultimate\VC\bin\CL.exe /c /IC:\Users\amalco200\Documents\GitHub\GamesProgramming3\GamesProgramming3\glx /IC:\Users\amalco200\Documents\GitHub\GamesProgramming3\GamesProgramming3\glm /IC:\Users\amalco200\Documents\GitHub\GamesProgramming3\GamesProgramming3\GL /ZI /nologo /W3 /WX- /sdl /Od /Oy- /D _MBCS /Gm /EHsc /RTC1 /MDd /GS /fp:precise /Zc:wchar_t /Zc:forScope /Fo"Debug\\" /Fd"Debug\vc120.pdb" /Gd /TP /analyze- /errorReport:prompt cCube.cpp
         cCube.cpp
       Link:
         D:\Programs\Visual Studio 2013 Ultimate\VC\bin\link.exe /ERRORREPORT:PROMPT /OUT:"D:\Github\GamesProgramming3\GamesProgramming3\GamesProgramming3\Debug\GamesProgramming3.exe" /INCREMENTAL /NOLOGO kernel32.lib user32.lib gdi32.lib winspool.lib comdlg32.lib advapi32.lib shell32.lib ole32.lib oleaut32.lib uuid.lib odbc32.lib odbccp32.lib /MANIFEST /MANIFESTUAC:"level='asInvoker' uiAccess='false'" /manifest:embed /DEBUG /PDB:"D:\Github\GamesProgramming3\GamesProgramming3\GamesProgramming3\Debug\GamesProgramming3.pdb" /TLBID:1 /DYNAMICBASE /NXCOMPAT /IMPLIB:"D:\Github\GamesProgramming3\GamesProgramming3\GamesProgramming3\Debug\GamesProgramming3.lib" /MACHINE:X86 Debug\cBackupCube.obj
         Debug\cColours.obj
         Debug\cCube.obj
         Debug\cPyramid.obj
         Debug\cShapes.obj
         Debug\cWNDManager.obj
         Debug\GameConstants.obj
         Debug\mainStudent.obj
         Debug\windowOGL.obj
         Libraries\freeglut.lib
         GamesProgramming3.vcxproj -> D:\Github\GamesProgramming3\GamesProgramming3\GamesProgramming3\Debug\GamesProgramming3.exe
     1>Done Building Project "D:\Github\GamesProgramming3\GamesProgramming3\GamesProgramming3\GamesProgramming3\GamesProgramming3.vcxproj" (Build target(s)).

Build succeeded.

Time Elapsed 00:00:00.79
