d:\github\gamesprogramming3\gamesprogramming3\gamesprogramming3\gamesprogramming3\debug\vc120.pdb
d:\github\gamesprogramming3\gamesprogramming3\gamesprogramming3\gamesprogramming3\debug\vc120.idb
d:\github\gamesprogramming3\gamesprogramming3\gamesprogramming3\gamesprogramming3\debug\ccolours.obj
d:\github\gamesprogramming3\gamesprogramming3\gamesprogramming3\gamesprogramming3\debug\ccube.obj
d:\github\gamesprogramming3\gamesprogramming3\gamesprogramming3\gamesprogramming3\debug\cpyramid.obj
d:\github\gamesprogramming3\gamesprogramming3\gamesprogramming3\gamesprogramming3\debug\cshapes.obj
d:\github\gamesprogramming3\gamesprogramming3\gamesprogramming3\gamesprogramming3\debug\cwndmanager.obj
d:\github\gamesprogramming3\gamesprogramming3\gamesprogramming3\gamesprogramming3\debug\gameconstants.obj
d:\github\gamesprogramming3\gamesprogramming3\gamesprogramming3\gamesprogramming3\debug\mainstudent.obj
d:\github\gamesprogramming3\gamesprogramming3\gamesprogramming3\gamesprogramming3\debug\windowogl.obj
d:\github\gamesprogramming3\gamesprogramming3\gamesprogramming3\gamesprogramming3\debug\cbackupcube.obj
d:\github\gamesprogramming3\gamesprogramming3\gamesprogramming3\debug\gamesprogramming3.ilk
d:\github\gamesprogramming3\gamesprogramming3\gamesprogramming3\debug\gamesprogramming3.exe
d:\github\gamesprogramming3\gamesprogramming3\gamesprogramming3\debug\gamesprogramming3.pdb
d:\github\gamesprogramming3\gamesprogramming3\gamesprogramming3\gamesprogramming3\debug\gamespro.f30cc902.tlog\cl.command.1.tlog
d:\github\gamesprogramming3\gamesprogramming3\gamesprogramming3\gamesprogramming3\debug\gamespro.f30cc902.tlog\cl.read.1.tlog
d:\github\gamesprogramming3\gamesprogramming3\gamesprogramming3\gamesprogramming3\debug\gamespro.f30cc902.tlog\cl.write.1.tlog
d:\github\gamesprogramming3\gamesprogramming3\gamesprogramming3\gamesprogramming3\debug\gamespro.f30cc902.tlog\link.command.1.tlog
d:\github\gamesprogramming3\gamesprogramming3\gamesprogramming3\gamesprogramming3\debug\gamespro.f30cc902.tlog\link.read.1.tlog
d:\github\gamesprogramming3\gamesprogramming3\gamesprogramming3\gamesprogramming3\debug\gamespro.f30cc902.tlog\link.write.1.tlog
